<?xml version="1.0" encoding="UTF-8"?>
<!-- Generated by org.testng.reporters.JUnitXMLReporter -->
<testsuite hostname="DESKTOP-MMOQ00R" name="Default test" tests="6" failures="0" timestamp="20 Dec 2019 10:29:33 GMT" time="4.729" errors="0">
  <testcase name="test" time="1.516" classname="cases.RegisterCase"/>
  <testcase name="test" time="0.075" classname="cases.RegisterCase"/>
  <testcase name="test" time="0.066" classname="cases.RegisterCase"/>
  <testcase name="test" time="0.062" classname="cases.RegisterCase"/>
  <testcase name="test" time="1.155" classname="cases.RegisterCase"/>
  <testcase name="test" time="0.08" classname="cases.RegisterCase"/>
</testsuite> <!-- Default test -->
