<?xml version="1.0" encoding="UTF-8"?>
<!-- Generated by org.testng.reporters.JUnitXMLReporter -->
<testsuite hostname="DESKTOP-MMOQ00R" name="RegisterCase" tests="17" failures="0" timestamp="20 Dec 2019 10:09:50 GMT" time="6.074" errors="0">
  <testcase name="test" time="1.276" classname="cases.RegisterCase"/>
  <testcase name="test" time="0.072" classname="cases.RegisterCase"/>
  <testcase name="test" time="0.066" classname="cases.RegisterCase"/>
  <testcase name="test" time="0.066" classname="cases.RegisterCase"/>
  <testcase name="test" time="0.948" classname="cases.RegisterCase"/>
  <testcase name="test" time="0.078" classname="cases.RegisterCase"/>
  <testcase name="test" time="0.066" classname="cases.LoginCase"/>
  <testcase name="test" time="0.064" classname="cases.LoginCase"/>
  <testcase name="test" time="0.078" classname="cases.LoginCase"/>
  <testcase name="test" time="0.079" classname="cases.LoginCase"/>
  <testcase name="test" time="0.081" classname="cases.LoginCase"/>
  <testcase name="test" time="0.067" classname="cases.RechargeCase"/>
  <testcase name="test" time="0.066" classname="cases.RechargeCase"/>
  <testcase name="test" time="0.066" classname="cases.RechargeCase"/>
  <testcase name="test" time="0.072" classname="cases.RechargeCase"/>
  <testcase name="test" time="0.601" classname="cases.RechargeCase"/>
  <testcase name="test" time="0.594" classname="cases.RechargeCase"/>
</testsuite> <!-- RegisterCase -->
