<?xml version="1.0" encoding="UTF-8"?>
<!-- Generated by org.testng.reporters.JUnitXMLReporter -->
<testsuite hostname="DESKTOP-MMOQ00R" name="RegisterCase LoginCase RechargeCase" tests="5" failures="0" timestamp="18 Dec 2019 07:28:14 GMT" time="3.008" errors="0">
  <testcase name="test" time="1.302" classname="cases.LoginCase"/>
  <testcase name="test" time="0.064" classname="cases.LoginCase"/>
  <testcase name="test" time="0.073" classname="cases.LoginCase"/>
  <testcase name="test" time="0.073" classname="cases.LoginCase"/>
  <testcase name="test" time="0.071" classname="cases.LoginCase"/>
</testsuite> <!-- RegisterCase LoginCase RechargeCase -->
