<?xml version="1.0" encoding="UTF-8"?>
<testsuite xmlns:xsi="http://www.w3.org/2001/XMLSchema-instance" xsi:noNamespaceSchemaLocation="https://maven.apache.org/surefire/maven-surefire-plugin/xsd/surefire-test-report.xsd" name="TestSuite" time="10.699" tests="17" errors="0" skipped="0" failures="2">
  <properties>
[...]
</properties>
  <testcase name="test" classname="cases.RegisterCase" time="1.531"/>
  <testcase name="test" classname="cases.RegisterCase" time="0.142"/>
  <testcase name="test" classname="cases.RegisterCase" time="0.161"/>
  <testcase name="test" classname="cases.RegisterCase" time="0.137"/>
  <testcase name="test" classname="cases.RegisterCase" time="1.855"/>
  <testcase name="test" classname="cases.RegisterCase" time="0.197"/>
  <testcase name="test" classname="cases.LoginCase" time="0.12"/>
  <testcase name="test" classname="cases.LoginCase" time="0.135"/>
  <testcase name="test" classname="cases.LoginCase" time="0.211"/>
  <testcase name="test" classname="cases.LoginCase" time="0.197"/>
  <testcase name="test" classname="cases.LoginCase" time="0.2"/>
  <testcase name="test" classname="cases.RechargeCase" time="0.162">
    <failure message="expected [Pass] but found [Fail]" type="java.lang.AssertionError">java.lang.AssertionError: expected [Pass] but found [Fail]
	at cases.RechargeCase.test(RechargeCase.java:27)
</failure>
    <system-out><![CDATA[[INFO] 2020-02-10 13:34:53 method: cases.BaseCase.test(BaseCase.java:54)----======================参数化替换======================http://api.lemonban.com/futureloan/member/recharge
[INFO] 2020-02-10 13:34:53 method: cases.BaseCase.test(BaseCase.java:57)----替换后的参数：{"member_id":"-1","amount":"6300"}
[INFO] 2020-02-10 13:34:53 method: cases.BaseCase.test(BaseCase.java:58)----sql校验：null
[INFO] 2020-02-10 13:34:53 method: utils.HttpUtils.testPostJson(HttpUtils.java:229)----请求头：[Server: nginx/1.4.2, Date: Mon, 10 Feb 2020 05:34:53 GMT, Content-Type: application/json;charset=UTF-8, Transfer-Encoding: chunked, Connection: keep-alive]
[INFO] 2020-02-10 13:34:53 method: utils.HttpUtils.testPostJson(HttpUtils.java:230)----请求体：[Content-Type: text/plain; charset=UTF-8,Content-Length: 34,Chunked: false]
[INFO] 2020-02-10 13:34:53 method: utils.HttpUtils.testPostJson(HttpUtils.java:231)----状态码：200
[INFO] 2020-02-10 13:34:53 method: utils.HttpUtils.testPostJson(HttpUtils.java:232)----响应体：{"code":1007,"msg":"无权限访问，请检查参数","data":null,"copyright":"Copyright 柠檬班 © 2017-2019 湖南省零檬信息技术有限公司 All Rights Reserved"}
[INFO] 2020-02-10 13:34:53 method: cases.BaseCase.assertResponseData_aroundBody0(BaseCase.java:164)----实际值：1007 | 期望值：[{"value":1008,"expression":"$.code"}]断言结果：false
[INFO] 2020-02-10 13:34:53 method: cases.BaseCase.test(BaseCase.java:87)----响应断言：false
[INFO] 2020-02-10 13:34:53 method: cases.BaseCase.test(BaseCase.java:101)----结果断言：Fail
]]></system-out>
  </testcase>
  <testcase name="test" classname="cases.RechargeCase" time="0.153"/>
  <testcase name="test" classname="cases.RechargeCase" time="0.145"/>
  <testcase name="test" classname="cases.RechargeCase" time="0.166">
    <failure message="expected [Pass] but found [Fail]" type="java.lang.AssertionError">java.lang.AssertionError: expected [Pass] but found [Fail]
	at cases.RechargeCase.test(RechargeCase.java:27)
</failure>
    <system-out><![CDATA[[INFO] 2020-02-10 13:34:53 method: cases.BaseCase.test(BaseCase.java:54)----======================参数化替换======================http://api.lemonban.com/futureloan/member/recharge
[INFO] 2020-02-10 13:34:53 method: cases.BaseCase.test(BaseCase.java:57)----替换后的参数：{"member_id":"88109","amount":"SSS"}
[INFO] 2020-02-10 13:34:53 method: cases.BaseCase.test(BaseCase.java:58)----sql校验：null
[INFO] 2020-02-10 13:34:54 method: utils.HttpUtils.testPostJson(HttpUtils.java:229)----请求头：[Server: nginx/1.4.2, Date: Mon, 10 Feb 2020 05:34:54 GMT, Content-Type: application/json;charset=UTF-8, Transfer-Encoding: chunked, Connection: keep-alive]
[INFO] 2020-02-10 13:34:54 method: utils.HttpUtils.testPostJson(HttpUtils.java:230)----请求体：[Content-Type: text/plain; charset=UTF-8,Content-Length: 36,Chunked: false]
[INFO] 2020-02-10 13:34:54 method: utils.HttpUtils.testPostJson(HttpUtils.java:231)----状态码：200
[INFO] 2020-02-10 13:34:54 method: utils.HttpUtils.testPostJson(HttpUtils.java:232)----响应体：{"code":2,"msg":"数字格式化异常","data":null,"copyright":"Copyright 柠檬班 © 2017-2019 湖南省零檬信息技术有限公司 All Rights Reserved"}
[INFO] 2020-02-10 13:34:54 method: cases.BaseCase.assertResponseData_aroundBody0(BaseCase.java:164)----实际值：2 | 期望值：[{"value":0,"expression":"$.code"},{"value":"OK","expression":"$.msg"}]断言结果：false
[INFO] 2020-02-10 13:34:54 method: cases.BaseCase.test(BaseCase.java:87)----响应断言：false
[INFO] 2020-02-10 13:34:54 method: cases.BaseCase.test(BaseCase.java:101)----结果断言：Fail
]]></system-out>
  </testcase>
  <testcase name="test" classname="cases.RechargeCase" time="1.322"/>
  <testcase name="test" classname="cases.RechargeCase" time="1.364"/>
</testsuite>