<?xml version="1.0" encoding="UTF-8"?>
<testng-results skipped="0" failed="2" total="17" passed="15">
  <reporter-output>
  </reporter-output>
  <suite name="柠檬前程贷" duration-ms="9395" started-at="2020-02-10T05:34:47Z" finished-at="2020-02-10T05:34:56Z">
    <groups>
    </groups>
    <test name="测试接口" duration-ms="9395" started-at="2020-02-10T05:34:47Z" finished-at="2020-02-10T05:34:56Z">
      <class name="cases.RechargeCase">
        <test-method status="FAIL" signature="test(pojo.API, pojo.Case)[pri:0, instance:cases.RechargeCase@41a6d121]" name="test" duration-ms="151" started-at="2020-02-10T13:34:53Z" description="充值测试" data-provider="data" finished-at="2020-02-10T13:34:53Z">
          <params>
            <param index="0">
              <value>
                <![CDATA[API [id=3, name=recharge, type=post, url=http://api.lemonban.com/futureloan/member/recharge, contentType=json]]]>
              </value>
            </param>
            <param index="1">
              <value>
                <![CDATA[Case [id=12, detail=非当前账号id, params={"member_id":"-1","amount":"6300"}, apiId=3, expectedData=[{"value":1008,"expression":"$.code"}], sqlCheck=null]]]>
              </value>
            </param>
          </params>
          <exception class="java.lang.AssertionError">
            <message>
              <![CDATA[expected [Pass] but found [Fail]]]>
            </message>
            <full-stacktrace>
              <![CDATA[java.lang.AssertionError: expected [Pass] but found [Fail]
	at org.testng.Assert.fail(Assert.java:94)
	at org.testng.Assert.failNotEquals(Assert.java:496)
	at org.testng.Assert.assertEquals(Assert.java:125)
	at org.testng.Assert.assertEquals(Assert.java:178)
	at org.testng.Assert.assertEquals(Assert.java:188)
	at cases.BaseCase.test(BaseCase.java:103)
	at cases.RechargeCase.test(RechargeCase.java:27)
	at sun.reflect.NativeMethodAccessorImpl.invoke0(Native Method)
	at sun.reflect.NativeMethodAccessorImpl.invoke(NativeMethodAccessorImpl.java:62)
	at sun.reflect.DelegatingMethodAccessorImpl.invoke(DelegatingMethodAccessorImpl.java:43)
	at java.lang.reflect.Method.invoke(Method.java:498)
	at org.testng.internal.MethodInvocationHelper.invokeMethod(MethodInvocationHelper.java:85)
	at org.testng.internal.Invoker.invokeMethod(Invoker.java:639)
	at org.testng.internal.Invoker.invokeTestMethod(Invoker.java:816)
	at org.testng.internal.Invoker.invokeTestMethods(Invoker.java:1124)
	at org.testng.internal.TestMethodWorker.invokeTestMethods(TestMethodWorker.java:125)
	at org.testng.internal.TestMethodWorker.run(TestMethodWorker.java:108)
	at org.testng.TestRunner.privateRun(TestRunner.java:774)
	at org.testng.TestRunner.run(TestRunner.java:624)
	at org.testng.SuiteRunner.runTest(SuiteRunner.java:359)
	at org.testng.SuiteRunner.runSequentially(SuiteRunner.java:354)
	at org.testng.SuiteRunner.privateRun(SuiteRunner.java:312)
	at org.testng.SuiteRunner.run(SuiteRunner.java:261)
	at org.testng.SuiteRunnerWorker.runSuite(SuiteRunnerWorker.java:52)
	at org.testng.SuiteRunnerWorker.run(SuiteRunnerWorker.java:86)
	at org.testng.TestNG.runSuitesSequentially(TestNG.java:1191)
	at org.testng.TestNG.runSuitesLocally(TestNG.java:1116)
	at org.testng.TestNG.run(TestNG.java:1024)
	at org.apache.maven.surefire.testng.TestNGExecutor.run(TestNGExecutor.java:283)
	at org.apache.maven.surefire.testng.TestNGXmlTestSuite.execute(TestNGXmlTestSuite.java:75)
	at org.apache.maven.surefire.testng.TestNGProvider.invoke(TestNGProvider.java:120)
	at org.apache.maven.surefire.booter.ForkedBooter.invokeProviderInSameClassLoader(ForkedBooter.java:384)
	at org.apache.maven.surefire.booter.ForkedBooter.runSuitesInProcess(ForkedBooter.java:345)
	at org.apache.maven.surefire.booter.ForkedBooter.execute(ForkedBooter.java:126)
	at org.apache.maven.surefire.booter.ForkedBooter.main(ForkedBooter.java:418)
]]>
            </full-stacktrace>
          </exception> <!-- java.lang.AssertionError -->
          <reporter-output>
          </reporter-output>
        </test-method> <!-- test -->
        <test-method status="PASS" signature="test(pojo.API, pojo.Case)[pri:0, instance:cases.RechargeCase@41a6d121]" name="test" duration-ms="152" started-at="2020-02-10T13:34:53Z" description="充值测试" data-provider="data" finished-at="2020-02-10T13:34:53Z">
          <params>
            <param index="0">
              <value>
                <![CDATA[API [id=3, name=recharge, type=post, url=http://api.lemonban.com/futureloan/member/recharge, contentType=json]]]>
              </value>
            </param>
            <param index="1">
              <value>
                <![CDATA[Case [id=13, detail=超过50万, params={"member_id":"88109","amount":"1116300"}, apiId=3, expectedData=[{"value":2,"expression":"$.code"}], sqlCheck=null]]]>
              </value>
            </param>
          </params>
          <reporter-output>
          </reporter-output>
        </test-method> <!-- test -->
        <test-method status="PASS" signature="test(pojo.API, pojo.Case)[pri:0, instance:cases.RechargeCase@41a6d121]" name="test" duration-ms="145" started-at="2020-02-10T13:34:53Z" description="充值测试" data-provider="data" finished-at="2020-02-10T13:34:53Z">
          <params>
            <param index="0">
              <value>
                <![CDATA[API [id=3, name=recharge, type=post, url=http://api.lemonban.com/futureloan/member/recharge, contentType=json]]]>
              </value>
            </param>
            <param index="1">
              <value>
                <![CDATA[Case [id=14, detail=负数, params={"member_id":"88109","amount":"-6300"}, apiId=3, expectedData=[{"value":2,"expression":"$.code"}], sqlCheck=null]]]>
              </value>
            </param>
          </params>
          <reporter-output>
          </reporter-output>
        </test-method> <!-- test -->
        <test-method status="FAIL" signature="test(pojo.API, pojo.Case)[pri:0, instance:cases.RechargeCase@41a6d121]" name="test" duration-ms="165" started-at="2020-02-10T13:34:53Z" description="充值测试" data-provider="data" finished-at="2020-02-10T13:34:54Z">
          <params>
            <param index="0">
              <value>
                <![CDATA[API [id=3, name=recharge, type=post, url=http://api.lemonban.com/futureloan/member/recharge, contentType=json]]]>
              </value>
            </param>
            <param index="1">
              <value>
                <![CDATA[Case [id=15, detail=非数字, params={"member_id":"88109","amount":"SSS"}, apiId=3, expectedData=[{"value":0,"expression":"$.code"},{"value":"OK","expression":"$.msg"}], sqlCheck=null]]]>
              </value>
            </param>
          </params>
          <exception class="java.lang.AssertionError">
            <message>
              <![CDATA[expected [Pass] but found [Fail]]]>
            </message>
            <full-stacktrace>
              <![CDATA[java.lang.AssertionError: expected [Pass] but found [Fail]
	at org.testng.Assert.fail(Assert.java:94)
	at org.testng.Assert.failNotEquals(Assert.java:496)
	at org.testng.Assert.assertEquals(Assert.java:125)
	at org.testng.Assert.assertEquals(Assert.java:178)
	at org.testng.Assert.assertEquals(Assert.java:188)
	at cases.BaseCase.test(BaseCase.java:103)
	at cases.RechargeCase.test(RechargeCase.java:27)
	at sun.reflect.NativeMethodAccessorImpl.invoke0(Native Method)
	at sun.reflect.NativeMethodAccessorImpl.invoke(NativeMethodAccessorImpl.java:62)
	at sun.reflect.DelegatingMethodAccessorImpl.invoke(DelegatingMethodAccessorImpl.java:43)
	at java.lang.reflect.Method.invoke(Method.java:498)
	at org.testng.internal.MethodInvocationHelper.invokeMethod(MethodInvocationHelper.java:85)
	at org.testng.internal.Invoker.invokeMethod(Invoker.java:639)
	at org.testng.internal.Invoker.invokeTestMethod(Invoker.java:816)
	at org.testng.internal.Invoker.invokeTestMethods(Invoker.java:1124)
	at org.testng.internal.TestMethodWorker.invokeTestMethods(TestMethodWorker.java:125)
	at org.testng.internal.TestMethodWorker.run(TestMethodWorker.java:108)
	at org.testng.TestRunner.privateRun(TestRunner.java:774)
	at org.testng.TestRunner.run(TestRunner.java:624)
	at org.testng.SuiteRunner.runTest(SuiteRunner.java:359)
	at org.testng.SuiteRunner.runSequentially(SuiteRunner.java:354)
	at org.testng.SuiteRunner.privateRun(SuiteRunner.java:312)
	at org.testng.SuiteRunner.run(SuiteRunner.java:261)
	at org.testng.SuiteRunnerWorker.runSuite(SuiteRunnerWorker.java:52)
	at org.testng.SuiteRunnerWorker.run(SuiteRunnerWorker.java:86)
	at org.testng.TestNG.runSuitesSequentially(TestNG.java:1191)
	at org.testng.TestNG.runSuitesLocally(TestNG.java:1116)
	at org.testng.TestNG.run(TestNG.java:1024)
	at org.apache.maven.surefire.testng.TestNGExecutor.run(TestNGExecutor.java:283)
	at org.apache.maven.surefire.testng.TestNGXmlTestSuite.execute(TestNGXmlTestSuite.java:75)
	at org.apache.maven.surefire.testng.TestNGProvider.invoke(TestNGProvider.java:120)
	at org.apache.maven.surefire.booter.ForkedBooter.invokeProviderInSameClassLoader(ForkedBooter.java:384)
	at org.apache.maven.surefire.booter.ForkedBooter.runSuitesInProcess(ForkedBooter.java:345)
	at org.apache.maven.surefire.booter.ForkedBooter.execute(ForkedBooter.java:126)
	at org.apache.maven.surefire.booter.ForkedBooter.main(ForkedBooter.java:418)
]]>
            </full-stacktrace>
          </exception> <!-- java.lang.AssertionError -->
          <reporter-output>
          </reporter-output>
        </test-method> <!-- test -->
        <test-method status="PASS" signature="test(pojo.API, pojo.Case)[pri:0, instance:cases.RechargeCase@41a6d121]" name="test" duration-ms="1322" started-at="2020-02-10T13:34:54Z" description="充值测试" data-provider="data" finished-at="2020-02-10T13:34:55Z">
          <params>
            <param index="0">
              <value>
                <![CDATA[API [id=3, name=recharge, type=post, url=http://api.lemonban.com/futureloan/member/recharge, contentType=json]]]>
              </value>
            </param>
            <param index="1">
              <value>
                <![CDATA[Case [id=16, detail=正确用例, params={"member_id":"88109","amount":"6300"}, apiId=3, expectedData=[{"value":0,"expression":"$.code"},{"value":"OK","expression":"$.msg"}], sqlCheck=select leave_amount from member where id = 88109]]]>
              </value>
            </param>
          </params>
          <reporter-output>
          </reporter-output>
        </test-method> <!-- test -->
        <test-method status="PASS" signature="test(pojo.API, pojo.Case)[pri:0, instance:cases.RechargeCase@41a6d121]" name="test" duration-ms="1364" started-at="2020-02-10T13:34:55Z" description="充值测试" data-provider="data" finished-at="2020-02-10T13:34:56Z">
          <params>
            <param index="0">
              <value>
                <![CDATA[API [id=3, name=recharge, type=post, url=http://api.lemonban.com/futureloan/member/recharge, contentType=json]]]>
              </value>
            </param>
            <param index="1">
              <value>
                <![CDATA[Case [id=17, detail=正确用例, params={"member_id":"88109","amount":"5300"}, apiId=3, expectedData=[{"value":0,"expression":"$.code"},{"value":"OK","expression":"$.msg"}], sqlCheck=select leave_amount from member where id = 88109]]]>
              </value>
            </param>
          </params>
          <reporter-output>
          </reporter-output>
        </test-method> <!-- test -->
      </class> <!-- cases.RechargeCase -->
      <class name="cases.LoginCase">
        <test-method status="PASS" signature="init()[pri:0, instance:cases.LoginCase@5b6e8f77]" name="init" is-config="true" duration-ms="28" started-at="2020-02-10T13:34:47Z" finished-at="2020-02-10T13:34:47Z">
          <reporter-output>
          </reporter-output>
        </test-method> <!-- init -->
        <test-method status="PASS" signature="init()[pri:0, instance:cases.RechargeCase@41a6d121]" name="init" is-config="true" duration-ms="0" started-at="2020-02-10T13:34:47Z" finished-at="2020-02-10T13:34:47Z">
          <reporter-output>
          </reporter-output>
        </test-method> <!-- init -->
        <test-method status="PASS" signature="init()[pri:0, instance:cases.RegisterCase@5baaae4c]" name="init" is-config="true" duration-ms="0" started-at="2020-02-10T13:34:47Z" finished-at="2020-02-10T13:34:47Z">
          <reporter-output>
          </reporter-output>
        </test-method> <!-- init -->
        <test-method status="PASS" signature="test(pojo.API, pojo.Case)[pri:0, instance:cases.LoginCase@5b6e8f77]" name="test" duration-ms="119" started-at="2020-02-10T13:34:52Z" description="登录测试" data-provider="data" finished-at="2020-02-10T13:34:52Z">
          <params>
            <param index="0">
              <value>
                <![CDATA[API [id=2, name=login, type=post, url=http://api.lemonban.com/futureloan/member/login, contentType=json]]]>
              </value>
            </param>
            <param index="1">
              <value>
                <![CDATA[Case [id=7, detail=传手机号，不传密码, params={"mobile_phone":"18900492238","pwd":""}, apiId=2, expectedData={"code":2,"msg":"密码为空","data":null,"copyright":"Copyright 柠檬班 © 2017-2019 湖南省零檬信息技术有限公司 All Rights Reserved"}, sqlCheck=null]]]>
              </value>
            </param>
          </params>
          <reporter-output>
          </reporter-output>
        </test-method> <!-- test -->
        <test-method status="PASS" signature="test(pojo.API, pojo.Case)[pri:0, instance:cases.LoginCase@5b6e8f77]" name="test" duration-ms="134" started-at="2020-02-10T13:34:52Z" description="登录测试" data-provider="data" finished-at="2020-02-10T13:34:52Z">
          <params>
            <param index="0">
              <value>
                <![CDATA[API [id=2, name=login, type=post, url=http://api.lemonban.com/futureloan/member/login, contentType=json]]]>
              </value>
            </param>
            <param index="1">
              <value>
                <![CDATA[Case [id=8, detail=不传手机号，传密码, params={"mobile_phone":"","pwd":"12345678"}, apiId=2, expectedData={"code":2,"msg":"手机号码为空","data":null,"copyright":"Copyright 柠檬班 © 2017-2019 湖南省零檬信息技术有限公司 All Rights Reserved"}, sqlCheck=null]]]>
              </value>
            </param>
          </params>
          <reporter-output>
          </reporter-output>
        </test-method> <!-- test -->
        <test-method status="PASS" signature="test(pojo.API, pojo.Case)[pri:0, instance:cases.LoginCase@5b6e8f77]" name="test" duration-ms="210" started-at="2020-02-10T13:34:52Z" description="登录测试" data-provider="data" finished-at="2020-02-10T13:34:53Z">
          <params>
            <param index="0">
              <value>
                <![CDATA[API [id=2, name=login, type=post, url=http://api.lemonban.com/futureloan/member/login, contentType=json]]]>
              </value>
            </param>
            <param index="1">
              <value>
                <![CDATA[Case [id=9, detail=未注册过的手机号, params={"mobile_phone":"13333333333","pwd":"123456"}, apiId=2, expectedData={"code":1001,"msg":"账号信息错误","data":null,"copyright":"Copyright 柠檬班 © 2017-2019 湖南省零檬信息技术有限公司 All Rights Reserved"}, sqlCheck=null]]]>
              </value>
            </param>
          </params>
          <reporter-output>
          </reporter-output>
        </test-method> <!-- test -->
        <test-method status="PASS" signature="test(pojo.API, pojo.Case)[pri:0, instance:cases.LoginCase@5b6e8f77]" name="test" duration-ms="196" started-at="2020-02-10T13:34:53Z" description="登录测试" data-provider="data" finished-at="2020-02-10T13:34:53Z">
          <params>
            <param index="0">
              <value>
                <![CDATA[API [id=2, name=login, type=post, url=http://api.lemonban.com/futureloan/member/login, contentType=json]]]>
              </value>
            </param>
            <param index="1">
              <value>
                <![CDATA[Case [id=10, detail=不满足条件的密码, params={"mobile_phone":"18900492238","pwd":"12345"}, apiId=2, expectedData={"code":1001,"msg":"账号信息错误","data":null,"copyright":"Copyright 柠檬班 © 2017-2019 湖南省零檬信息技术有限公司 All Rights Reserved"}, sqlCheck=null]]]>
              </value>
            </param>
          </params>
          <reporter-output>
          </reporter-output>
        </test-method> <!-- test -->
        <test-method status="PASS" signature="test(pojo.API, pojo.Case)[pri:0, instance:cases.LoginCase@5b6e8f77]" name="test" duration-ms="198" started-at="2020-02-10T13:34:53Z" description="登录测试" data-provider="data" finished-at="2020-02-10T13:34:53Z">
          <params>
            <param index="0">
              <value>
                <![CDATA[API [id=2, name=login, type=post, url=http://api.lemonban.com/futureloan/member/login, contentType=json]]]>
              </value>
            </param>
            <param index="1">
              <value>
                <![CDATA[Case [id=11, detail=已注册的账号, params={"mobile_phone":"18900492238","pwd":"12345678"}, apiId=2, expectedData=[{"value":0,"expression":"$.code"}], sqlCheck=null]]]>
              </value>
            </param>
          </params>
          <reporter-output>
          </reporter-output>
        </test-method> <!-- test -->
        <test-method status="PASS" signature="finish()[pri:0, instance:cases.LoginCase@5b6e8f77]" name="finish" is-config="true" duration-ms="132" started-at="2020-02-10T13:34:56Z" finished-at="2020-02-10T13:34:56Z">
          <reporter-output>
          </reporter-output>
        </test-method> <!-- finish -->
        <test-method status="PASS" signature="finish()[pri:0, instance:cases.RechargeCase@41a6d121]" name="finish" is-config="true" duration-ms="46" started-at="2020-02-10T13:34:56Z" finished-at="2020-02-10T13:34:57Z">
          <reporter-output>
          </reporter-output>
        </test-method> <!-- finish -->
        <test-method status="PASS" signature="finish()[pri:0, instance:cases.RegisterCase@5baaae4c]" name="finish" is-config="true" duration-ms="38" started-at="2020-02-10T13:34:57Z" finished-at="2020-02-10T13:34:57Z">
          <reporter-output>
          </reporter-output>
        </test-method> <!-- finish -->
      </class> <!-- cases.LoginCase -->
      <class name="cases.RegisterCase">
        <test-method status="PASS" signature="test(pojo.API, pojo.Case)[pri:0, instance:cases.RegisterCase@5baaae4c]" name="test" duration-ms="1531" started-at="2020-02-10T13:34:48Z" description="注册测试" data-provider="data" finished-at="2020-02-10T13:34:50Z">
          <params>
            <param index="0">
              <value>
                <![CDATA[API [id=1, name=register, type=post, url=http://api.lemonban.com/futureloan/member/register, contentType=json]]]>
              </value>
            </param>
            <param index="1">
              <value>
                <![CDATA[Case [id=1, detail=传手机号,不传密码, params={"mobile_phone":"15600546879","pwd":""}, apiId=1, expectedData={"code":1,"msg":"密码为空","data":null,"copyright":"Copyright 柠檬班 © 2017-2019 湖南省零檬信息技术有限公司 All Rights Reserved"}, sqlCheck=null]]]>
              </value>
            </param>
          </params>
          <reporter-output>
          </reporter-output>
        </test-method> <!-- test -->
        <test-method status="PASS" signature="test(pojo.API, pojo.Case)[pri:0, instance:cases.RegisterCase@5baaae4c]" name="test" duration-ms="143" started-at="2020-02-10T13:34:50Z" description="注册测试" data-provider="data" finished-at="2020-02-10T13:34:50Z">
          <params>
            <param index="0">
              <value>
                <![CDATA[API [id=1, name=register, type=post, url=http://api.lemonban.com/futureloan/member/register, contentType=json]]]>
              </value>
            </param>
            <param index="1">
              <value>
                <![CDATA[Case [id=2, detail=不传手机号，传密码, params={"mobile_phone":"","pwd":"123456"}, apiId=1, expectedData={"code":1,"msg":"手机号为空","data":null,"copyright":"Copyright 柠檬班 © 2017-2019 湖南省零檬信息技术有限公司 All Rights Reserved"}, sqlCheck=null]]]>
              </value>
            </param>
          </params>
          <reporter-output>
          </reporter-output>
        </test-method> <!-- test -->
        <test-method status="PASS" signature="test(pojo.API, pojo.Case)[pri:0, instance:cases.RegisterCase@5baaae4c]" name="test" duration-ms="160" started-at="2020-02-10T13:34:50Z" description="注册测试" data-provider="data" finished-at="2020-02-10T13:34:50Z">
          <params>
            <param index="0">
              <value>
                <![CDATA[API [id=1, name=register, type=post, url=http://api.lemonban.com/futureloan/member/register, contentType=json]]]>
              </value>
            </param>
            <param index="1">
              <value>
                <![CDATA[Case [id=3, detail=不合格的手机号, params={"mobile_phone":"123","pwd":"12345678"}, apiId=1, expectedData={"code":2,"msg":"无效的手机格式","data":null,"copyright":"Copyright 柠檬班 © 2017-2019 湖南省零檬信息技术有限公司 All Rights Reserved"}, sqlCheck=null]]]>
              </value>
            </param>
          </params>
          <reporter-output>
          </reporter-output>
        </test-method> <!-- test -->
        <test-method status="PASS" signature="test(pojo.API, pojo.Case)[pri:0, instance:cases.RegisterCase@5baaae4c]" name="test" duration-ms="136" started-at="2020-02-10T13:34:50Z" description="注册测试" data-provider="data" finished-at="2020-02-10T13:34:50Z">
          <params>
            <param index="0">
              <value>
                <![CDATA[API [id=1, name=register, type=post, url=http://api.lemonban.com/futureloan/member/register, contentType=json]]]>
              </value>
            </param>
            <param index="1">
              <value>
                <![CDATA[Case [id=4, detail=合格的手机号+不合格密码, params={"mobile_phone":"15600546879","pwd":"12345"}, apiId=1, expectedData={"code":2,"msg":"密码格式为8到16位","data":null,"copyright":"Copyright 柠檬班 © 2017-2019 湖南省零檬信息技术有限公司 All Rights Reserved"}, sqlCheck=null]]]>
              </value>
            </param>
          </params>
          <reporter-output>
          </reporter-output>
        </test-method> <!-- test -->
        <test-method status="PASS" signature="test(pojo.API, pojo.Case)[pri:0, instance:cases.RegisterCase@5baaae4c]" name="test" duration-ms="1856" started-at="2020-02-10T13:34:50Z" description="注册测试" data-provider="data" finished-at="2020-02-10T13:34:52Z">
          <params>
            <param index="0">
              <value>
                <![CDATA[API [id=1, name=register, type=post, url=http://api.lemonban.com/futureloan/member/register, contentType=json]]]>
              </value>
            </param>
            <param index="1">
              <value>
                <![CDATA[Case [id=5, detail=合格手机号+合格密码, params={"mobile_phone":"15600546879","pwd":"12345678"}, apiId=1, expectedData=[{"value":0,"expression":"$.code"}], sqlCheck=select count(*) from member where mobile_phone = '15600546879';]]]>
              </value>
            </param>
          </params>
          <reporter-output>
          </reporter-output>
        </test-method> <!-- test -->
        <test-method status="PASS" signature="test(pojo.API, pojo.Case)[pri:0, instance:cases.RegisterCase@5baaae4c]" name="test" duration-ms="195" started-at="2020-02-10T13:34:52Z" description="注册测试" data-provider="data" finished-at="2020-02-10T13:34:52Z">
          <params>
            <param index="0">
              <value>
                <![CDATA[API [id=1, name=register, type=post, url=http://api.lemonban.com/futureloan/member/register, contentType=json]]]>
              </value>
            </param>
            <param index="1">
              <value>
                <![CDATA[Case [id=6, detail=重复以上的手机号+密码, params={"mobile_phone":"15600546879","pwd":"12345678"}, apiId=1, expectedData={"code":2,"msg":"账号已存在","data":null,"copyright":"Copyright 柠檬班 © 2017-2019 湖南省零檬信息技术有限公司 All Rights Reserved"}, sqlCheck=null]]]>
              </value>
            </param>
          </params>
          <reporter-output>
          </reporter-output>
        </test-method> <!-- test -->
      </class> <!-- cases.RegisterCase -->
    </test> <!-- 测试接口 -->
  </suite> <!-- 柠檬前程贷 -->
</testng-results>
