<?xml version="1.0" encoding="UTF-8"?>
<testng-results skipped="0" failed="0" total="6" passed="6">
  <reporter-output>
  </reporter-output>
  <suite name="Default suite" duration-ms="4031" started-at="2019-12-20T10:29:06Z" finished-at="2019-12-20T10:29:10Z">
    <groups>
    </groups>
    <test name="Default test" duration-ms="4031" started-at="2019-12-20T10:29:06Z" finished-at="2019-12-20T10:29:10Z">
      <class name="cases.RegisterCase">
        <test-method status="PASS" signature="init()[pri:0, instance:cases.RegisterCase@560cbf1a]" name="init" is-config="true" duration-ms="35" started-at="2019-12-20T18:29:06Z" finished-at="2019-12-20T18:29:06Z">
          <reporter-output>
          </reporter-output>
        </test-method> <!-- init -->
        <test-method status="PASS" signature="test(pojo.API, pojo.Case)[pri:0, instance:cases.RegisterCase@560cbf1a]" name="test" duration-ms="1279" started-at="2019-12-20T18:29:07Z" description="注册测试" data-provider="data" finished-at="2019-12-20T18:29:08Z">
          <params>
            <param index="0">
              <value>
                <![CDATA[API [id=1, name=register, type=post, url=http://api.lemonban.com/futureloan/member/register, contentType=json]]]>
              </value>
            </param>
            <param index="1">
              <value>
                <![CDATA[Case [id=1, detail=传手机号,不传密码, params={"mobile_phone":"15305781345","pwd":""}, apiId=1, expectedData={"code":1,"msg":"密码为空","data":null,"copyright":"Copyright 柠檬班 © 2017-2019 湖南省零檬信息技术有限公司 All Rights Reserved"}, sqlCheck=null]]]>
              </value>
            </param>
          </params>
          <reporter-output>
          </reporter-output>
        </test-method> <!-- test -->
        <test-method status="PASS" signature="test(pojo.API, pojo.Case)[pri:0, instance:cases.RegisterCase@560cbf1a]" name="test" duration-ms="70" started-at="2019-12-20T18:29:08Z" description="注册测试" data-provider="data" finished-at="2019-12-20T18:29:09Z">
          <params>
            <param index="0">
              <value>
                <![CDATA[API [id=1, name=register, type=post, url=http://api.lemonban.com/futureloan/member/register, contentType=json]]]>
              </value>
            </param>
            <param index="1">
              <value>
                <![CDATA[Case [id=2, detail=不传手机号，传密码, params={"mobile_phone":"","pwd":"123456"}, apiId=1, expectedData={"code":1,"msg":"手机号为空","data":null,"copyright":"Copyright 柠檬班 © 2017-2019 湖南省零檬信息技术有限公司 All Rights Reserved"}, sqlCheck=null]]]>
              </value>
            </param>
          </params>
          <reporter-output>
          </reporter-output>
        </test-method> <!-- test -->
        <test-method status="PASS" signature="test(pojo.API, pojo.Case)[pri:0, instance:cases.RegisterCase@560cbf1a]" name="test" duration-ms="65" started-at="2019-12-20T18:29:09Z" description="注册测试" data-provider="data" finished-at="2019-12-20T18:29:09Z">
          <params>
            <param index="0">
              <value>
                <![CDATA[API [id=1, name=register, type=post, url=http://api.lemonban.com/futureloan/member/register, contentType=json]]]>
              </value>
            </param>
            <param index="1">
              <value>
                <![CDATA[Case [id=3, detail=不合格的手机号, params={"mobile_phone":"123","pwd":"12345678"}, apiId=1, expectedData={"code":2,"msg":"无效的手机格式","data":null,"copyright":"Copyright 柠檬班 © 2017-2019 湖南省零檬信息技术有限公司 All Rights Reserved"}, sqlCheck=null]]]>
              </value>
            </param>
          </params>
          <reporter-output>
          </reporter-output>
        </test-method> <!-- test -->
        <test-method status="PASS" signature="test(pojo.API, pojo.Case)[pri:0, instance:cases.RegisterCase@560cbf1a]" name="test" duration-ms="74" started-at="2019-12-20T18:29:09Z" description="注册测试" data-provider="data" finished-at="2019-12-20T18:29:09Z">
          <params>
            <param index="0">
              <value>
                <![CDATA[API [id=1, name=register, type=post, url=http://api.lemonban.com/futureloan/member/register, contentType=json]]]>
              </value>
            </param>
            <param index="1">
              <value>
                <![CDATA[Case [id=4, detail=合格的手机号+不合格密码, params={"mobile_phone":"15305781345","pwd":"12345"}, apiId=1, expectedData={"code":2,"msg":"密码格式为8到16位","data":null,"copyright":"Copyright 柠檬班 © 2017-2019 湖南省零檬信息技术有限公司 All Rights Reserved"}, sqlCheck=null]]]>
              </value>
            </param>
          </params>
          <reporter-output>
          </reporter-output>
        </test-method> <!-- test -->
        <test-method status="PASS" signature="test(pojo.API, pojo.Case)[pri:0, instance:cases.RegisterCase@560cbf1a]" name="test" duration-ms="1070" started-at="2019-12-20T18:29:09Z" description="注册测试" data-provider="data" finished-at="2019-12-20T18:29:10Z">
          <params>
            <param index="0">
              <value>
                <![CDATA[API [id=1, name=register, type=post, url=http://api.lemonban.com/futureloan/member/register, contentType=json]]]>
              </value>
            </param>
            <param index="1">
              <value>
                <![CDATA[Case [id=5, detail=合格手机号+合格密码, params={"mobile_phone":"15305781345","pwd":"12345678"}, apiId=1, expectedData=[{"value":0,"expression":"$.code"}], sqlCheck=select count(*) from member where mobile_phone = '15305781345';]]]>
              </value>
            </param>
          </params>
          <reporter-output>
          </reporter-output>
        </test-method> <!-- test -->
        <test-method status="PASS" signature="test(pojo.API, pojo.Case)[pri:0, instance:cases.RegisterCase@560cbf1a]" name="test" duration-ms="77" started-at="2019-12-20T18:29:10Z" description="注册测试" data-provider="data" finished-at="2019-12-20T18:29:10Z">
          <params>
            <param index="0">
              <value>
                <![CDATA[API [id=1, name=register, type=post, url=http://api.lemonban.com/futureloan/member/register, contentType=json]]]>
              </value>
            </param>
            <param index="1">
              <value>
                <![CDATA[Case [id=6, detail=重复以上的手机号+密码, params={"mobile_phone":"15305781345","pwd":"12345678"}, apiId=1, expectedData={"code":2,"msg":"账号已存在","data":null,"copyright":"Copyright 柠檬班 © 2017-2019 湖南省零檬信息技术有限公司 All Rights Reserved"}, sqlCheck=null]]]>
              </value>
            </param>
          </params>
          <reporter-output>
          </reporter-output>
        </test-method> <!-- test -->
        <test-method status="PASS" signature="finish()[pri:0, instance:cases.RegisterCase@560cbf1a]" name="finish" is-config="true" duration-ms="151" started-at="2019-12-20T18:29:10Z" finished-at="2019-12-20T18:29:10Z">
          <reporter-output>
          </reporter-output>
        </test-method> <!-- finish -->
      </class> <!-- cases.RegisterCase -->
    </test> <!-- Default test -->
  </suite> <!-- Default suite -->
</testng-results>
