<?xml version="1.0" encoding="UTF-8"?>
<!-- Generated by org.testng.reporters.JUnitXMLReporter -->
<testsuite hostname="zhangjiuaideMBP" name="测试接口" tests="17" failures="2" timestamp="10 Feb 2020 05:34:56 GMT" time="9.395" errors="0">
  <testcase name="test" time="1.531" classname="cases.RegisterCase"/>
  <testcase name="test" time="0.143" classname="cases.RegisterCase"/>
  <testcase name="test" time="0.16" classname="cases.RegisterCase"/>
  <testcase name="test" time="0.136" classname="cases.RegisterCase"/>
  <testcase name="test" time="1.856" classname="cases.RegisterCase"/>
  <testcase name="test" time="0.195" classname="cases.RegisterCase"/>
  <testcase name="test" time="0.119" classname="cases.LoginCase"/>
  <testcase name="test" time="0.134" classname="cases.LoginCase"/>
  <testcase name="test" time="0.21" classname="cases.LoginCase"/>
  <testcase name="test" time="0.196" classname="cases.LoginCase"/>
  <testcase name="test" time="0.198" classname="cases.LoginCase"/>
  <testcase name="test" time="0.151" classname="cases.RechargeCase">
    <failure type="java.lang.AssertionError" message="expected [Pass] but found [Fail]">
      <![CDATA[java.lang.AssertionError: expected [Pass] but found [Fail]
	at cases.BaseCase.test(BaseCase.java:103)
	at cases.RechargeCase.test(RechargeCase.java:27)
... Removed 33 stack frames]]>
    </failure>
  </testcase> <!-- test -->
  <testcase name="test" time="0.152" classname="cases.RechargeCase"/>
  <testcase name="test" time="0.145" classname="cases.RechargeCase"/>
  <testcase name="test" time="0.165" classname="cases.RechargeCase">
    <failure type="java.lang.AssertionError" message="expected [Pass] but found [Fail]">
      <![CDATA[java.lang.AssertionError: expected [Pass] but found [Fail]
	at cases.BaseCase.test(BaseCase.java:103)
	at cases.RechargeCase.test(RechargeCase.java:27)
... Removed 33 stack frames]]>
    </failure>
  </testcase> <!-- test -->
  <testcase name="test" time="1.322" classname="cases.RechargeCase"/>
  <testcase name="test" time="1.364" classname="cases.RechargeCase"/>
</testsuite> <!-- 测试接口 -->
