<?xml version="1.0" encoding="UTF-8"?>
<!-- Generated by org.testng.reporters.JUnitXMLReporter -->
<testsuite hostname="DESKTOP-MMOQ00R" name="测试接口" tests="17" failures="2" timestamp="20 Dec 2019 16:00:17 GMT" time="5.598" errors="0">
  <testcase name="test" time="1.125" classname="cases.RegisterCase"/>
  <testcase name="test" time="0.07" classname="cases.RegisterCase"/>
  <testcase name="test" time="0.064" classname="cases.RegisterCase"/>
  <testcase name="test" time="0.065" classname="cases.RegisterCase"/>
  <testcase name="test" time="1.023" classname="cases.RegisterCase"/>
  <testcase name="test" time="0.078" classname="cases.RegisterCase"/>
  <testcase name="test" time="0.064" classname="cases.LoginCase"/>
  <testcase name="test" time="0.07" classname="cases.LoginCase"/>
  <testcase name="test" time="0.074" classname="cases.LoginCase"/>
  <testcase name="test" time="0.072" classname="cases.LoginCase"/>
  <testcase name="test" time="0.074" classname="cases.LoginCase"/>
  <testcase name="test" time="0.063" classname="cases.RechargeCase">
    <failure type="java.lang.AssertionError" message="expected [Pass] but found [Fail]">
      <![CDATA[java.lang.AssertionError: expected [Pass] but found [Fail]
	at cases.BaseCase.test(BaseCase.java:105)
	at cases.RechargeCase.test(RechargeCase.java:27)
... Removed 33 stack frames]]>
    </failure>
  </testcase> <!-- test -->
  <testcase name="test" time="0.063" classname="cases.RechargeCase"/>
  <testcase name="test" time="0.066" classname="cases.RechargeCase"/>
  <testcase name="test" time="0.063" classname="cases.RechargeCase">
    <failure type="java.lang.AssertionError" message="expected [Pass] but found [Fail]">
      <![CDATA[java.lang.AssertionError: expected [Pass] but found [Fail]
	at cases.BaseCase.test(BaseCase.java:105)
	at cases.RechargeCase.test(RechargeCase.java:27)
... Removed 33 stack frames]]>
    </failure>
  </testcase> <!-- test -->
  <testcase name="test" time="0.598" classname="cases.RechargeCase"/>
  <testcase name="test" time="0.592" classname="cases.RechargeCase"/>
</testsuite> <!-- 测试接口 -->
